<?xml version="1.0" encoding="UTF-8"?>
<!-- Generated by org.testng.reporters.JUnitReportReporter -->
<testsuite skipped="0" hostname="COMPND-LTP-237" name="Script.Loginscript" tests="2" failures="0" timestamp="06 May 2020 07:12:01 GMT" time="61.910" errors="0">
  <testcase name="validLogin" time="33.740" classname="Script.Loginscript"/>
  <testcase name="invalidLogin" time="28.170" classname="Script.Loginscript"/>
</testsuite> <!-- Script.Loginscript -->
