<?xml version="1.0" encoding="UTF-8"?>
<!-- Generated by org.testng.reporters.JUnitReportReporter -->
<testsuite skipped="1" hostname="DESKTOP-DVAQB7I" name="Script.Loginscript" tests="3" failures="0" timestamp="13 May 2020 07:41:18 GMT" time="56.787" errors="1">
  <testcase name="precondition" time="43.754" classname="Script.Loginscript">
    <error type="org.openqa.selenium.SessionNotCreatedException" message="session not created
from chrome not reachable
  (Session info: chrome=81.0.4044.138)
Build info: version: &#039;3.141.59&#039;, revision: &#039;e82be7d358&#039;, time: &#039;2018-11-14T08:17:03&#039;
System info: host: &#039;DESKTOP-DVAQB7I&#039;, ip: &#039;192.168.99.1&#039;, os.name: &#039;Windows 10&#039;, os.arch: &#039;amd64&#039;, os.version: &#039;10.0&#039;, java.version: &#039;1.8.0_60&#039;
Driver info: driver.version: ChromeDriver
remote stacktrace: Backtrace:
	Ordinal0 [0x00A70C83+1707139]
	Ordinal0 [0x009D68F1+1075441]
	Ordinal0 [0x0094DE72+515698]
	Ordinal0 [0x00947CA8+490664]
	Ordinal0 [0x0094839B+492443]
	Ordinal0 [0x009492F5+496373]
	Ordinal0 [0x00944F05+478981]
	Ordinal0 [0x0094ECA0+519328]
	Ordinal0 [0x008FCA67+182887]
	Ordinal0 [0x008FBDDD+179677]
	Ordinal0 [0x008F9D4B+171339]
	Ordinal0 [0x008E1D4A+73034]
	Ordinal0 [0x008E2DC0+77248]
	Ordinal0 [0x008E2D59+77145]
	Ordinal0 [0x009EBB67+1162087]
	GetHandleVerifier [0x00B0A966+508998]
	GetHandleVerifier [0x00B0A6A4+508292]
	GetHandleVerifier [0x00B1F7B7+594583]
	GetHandleVerifier [0x00B0B1D6+511158]
	Ordinal0 [0x009E402C+1130540]
	Ordinal0 [0x009ED4CB+1168587]
	Ordinal0 [0x009ED633+1168947]
	Ordinal0 [0x00A05B35+1268533]
	BaseThreadInitThunk [0x75CA6359+25]
	RtlGetAppContainerNamedObjectPath [0x77BB7C14+228]
	RtlGetAppContainerNamedObjectPath [0x77BB7BE4+180]
">
      <![CDATA[org.openqa.selenium.SessionNotCreatedException: session not created
from chrome not reachable
  (Session info: chrome=81.0.4044.138)
Build info: version: '3.141.59', revision: 'e82be7d358', time: '2018-11-14T08:17:03'
System info: host: 'DESKTOP-DVAQB7I', ip: '192.168.99.1', os.name: 'Windows 10', os.arch: 'amd64', os.version: '10.0', java.version: '1.8.0_60'
Driver info: driver.version: ChromeDriver
remote stacktrace: Backtrace:
Ordinal0 [0x00A70C83+1707139]
Ordinal0 [0x009D68F1+1075441]
Ordinal0 [0x0094DE72+515698]
Ordinal0 [0x00947CA8+490664]
Ordinal0 [0x0094839B+492443]
Ordinal0 [0x009492F5+496373]
Ordinal0 [0x00944F05+478981]
Ordinal0 [0x0094ECA0+519328]
Ordinal0 [0x008FCA67+182887]
Ordinal0 [0x008FBDDD+179677]
Ordinal0 [0x008F9D4B+171339]
Ordinal0 [0x008E1D4A+73034]
Ordinal0 [0x008E2DC0+77248]
Ordinal0 [0x008E2D59+77145]
Ordinal0 [0x009EBB67+1162087]
GetHandleVerifier [0x00B0A966+508998]
GetHandleVerifier [0x00B0A6A4+508292]
GetHandleVerifier [0x00B1F7B7+594583]
GetHandleVerifier [0x00B0B1D6+511158]
Ordinal0 [0x009E402C+1130540]
Ordinal0 [0x009ED4CB+1168587]
Ordinal0 [0x009ED633+1168947]
Ordinal0 [0x00A05B35+1268533]
BaseThreadInitThunk [0x75CA6359+25]
RtlGetAppContainerNamedObjectPath [0x77BB7C14+228]
RtlGetAppContainerNamedObjectPath [0x77BB7BE4+180]

at sun.reflect.NativeConstructorAccessorImpl.newInstance0(Native Method)
at sun.reflect.NativeConstructorAccessorImpl.newInstance(Unknown Source)
at sun.reflect.DelegatingConstructorAccessorImpl.newInstance(Unknown Source)
at java.lang.reflect.Constructor.newInstance(Unknown Source)
at org.openqa.selenium.remote.W3CHandshakeResponse.lambda$errorHandler$0(W3CHandshakeResponse.java:62)
at org.openqa.selenium.remote.HandshakeResponse.lambda$getResponseFunction$0(HandshakeResponse.java:30)
at org.openqa.selenium.remote.ProtocolHandshake.lambda$createSession$0(ProtocolHandshake.java:126)
at java.util.stream.ReferencePipeline$3$1.accept(Unknown Source)
at java.util.Spliterators$ArraySpliterator.tryAdvance(Unknown Source)
at java.util.stream.ReferencePipeline.forEachWithCancel(Unknown Source)
at java.util.stream.AbstractPipeline.copyIntoWithCancel(Unknown Source)
at java.util.stream.AbstractPipeline.copyInto(Unknown Source)
at java.util.stream.AbstractPipeline.wrapAndCopyInto(Unknown Source)
at java.util.stream.FindOps$FindOp.evaluateSequential(Unknown Source)
at java.util.stream.AbstractPipeline.evaluate(Unknown Source)
at java.util.stream.ReferencePipeline.findFirst(Unknown Source)
at org.openqa.selenium.remote.ProtocolHandshake.createSession(ProtocolHandshake.java:128)
at org.openqa.selenium.remote.ProtocolHandshake.createSession(ProtocolHandshake.java:74)
at org.openqa.selenium.remote.HttpCommandExecutor.execute(HttpCommandExecutor.java:136)
at org.openqa.selenium.remote.service.DriverCommandExecutor.execute(DriverCommandExecutor.java:83)
at org.openqa.selenium.remote.RemoteWebDriver.execute(RemoteWebDriver.java:552)
at org.openqa.selenium.remote.RemoteWebDriver.startSession(RemoteWebDriver.java:213)
at org.openqa.selenium.remote.RemoteWebDriver.<init>(RemoteWebDriver.java:131)
at org.openqa.selenium.chrome.ChromeDriver.<init>(ChromeDriver.java:181)
at org.openqa.selenium.chrome.ChromeDriver.<init>(ChromeDriver.java:168)
at org.openqa.selenium.chrome.ChromeDriver.<init>(ChromeDriver.java:123)
at Generic.elsevier.com.BrowserFactory.launch(BrowserFactory.java:17)
at Generic.elsevier.com.baseLib.precondition(baseLib.java:18)
at sun.reflect.NativeMethodAccessorImpl.invoke0(Native Method)
at sun.reflect.NativeMethodAccessorImpl.invoke(Unknown Source)
at sun.reflect.DelegatingMethodAccessorImpl.invoke(Unknown Source)
at java.lang.reflect.Method.invoke(Unknown Source)
at org.testng.internal.MethodInvocationHelper.invokeMethod(MethodInvocationHelper.java:124)
at org.testng.internal.MethodInvocationHelper.invokeMethodConsideringTimeout(MethodInvocationHelper.java:59)
at org.testng.internal.Invoker.invokeConfigurationMethod(Invoker.java:458)
at org.testng.internal.Invoker.invokeConfigurations(Invoker.java:222)
at org.testng.internal.Invoker.invokeMethod(Invoker.java:523)
at org.testng.internal.Invoker.invokeTestMethod(Invoker.java:719)
at org.testng.internal.Invoker.invokeTestMethods(Invoker.java:989)
at org.testng.internal.TestMethodWorker.invokeTestMethods(TestMethodWorker.java:125)
at org.testng.internal.TestMethodWorker.run(TestMethodWorker.java:109)
at org.testng.TestRunner.privateRun(TestRunner.java:648)
at org.testng.TestRunner.run(TestRunner.java:505)
at org.testng.SuiteRunner.runTest(SuiteRunner.java:455)
at org.testng.SuiteRunner.access$000(SuiteRunner.java:40)
at org.testng.SuiteRunner$SuiteWorker.run(SuiteRunner.java:489)
at org.testng.internal.thread.ThreadUtil$1.call(ThreadUtil.java:52)
at java.util.concurrent.FutureTask.run(Unknown Source)
at java.util.concurrent.ThreadPoolExecutor.runWorker(Unknown Source)
at java.util.concurrent.ThreadPoolExecutor$Worker.run(Unknown Source)
at java.lang.Thread.run(Unknown Source)
]]>
    </error>
  </testcase> <!-- precondition -->
  <testcase name="validLogin" time="13.033" classname="Script.Loginscript"/>
  <testcase name="invalidLogin" time="0.000" classname="Script.Loginscript">
    <skipped/>
  </testcase> <!-- invalidLogin -->
</testsuite> <!-- Script.Loginscript -->
