<?xml version="1.0" encoding="UTF-8"?>
<!-- Generated by org.testng.reporters.JUnitReportReporter -->
<testsuite skipped="0" hostname="DESKTOP-DVAQB7I" name="Script.AddAdress" tests="1" failures="0" timestamp="13 May 2020 14:21:42 GMT" time="49.322" errors="0">
  <testcase name="wishList" time="49.322" classname="Script.AddAdress"/>
</testsuite> <!-- Script.AddAdress -->
