<?xml version="1.0" encoding="UTF-8"?>
<!-- Generated by org.testng.reporters.JUnitReportReporter -->
<testsuite skipped="0" hostname="COMPND-LTP-902" name="Script.Loginscript" tests="2" failures="0" timestamp="20 May 2020 12:26:57 GMT" time="52.751" errors="0">
  <testcase name="validLogin" time="20.393" classname="Script.Loginscript"/>
  <testcase name="invalidLogin" time="32.358" classname="Script.Loginscript"/>
</testsuite> <!-- Script.Loginscript -->
