<?xml version="1.0" encoding="UTF-8"?>
<!-- Generated by org.testng.reporters.JUnitReportReporter -->
<testsuite skipped="0" hostname="DESKTOP-DVAQB7I" name="Script.Loginscript" tests="2" failures="0" timestamp="18 May 2020 08:50:19 GMT" time="87.212" errors="0">
  <testcase name="validLogin" time="48.192" classname="Script.Loginscript"/>
  <testcase name="invalidLogin" time="39.020" classname="Script.Loginscript"/>
</testsuite> <!-- Script.Loginscript -->
