<?xml version="1.0" encoding="UTF-8"?>
<!-- Generated by org.testng.reporters.JUnitReportReporter -->
<testsuite skipped="0" hostname="DESKTOP-DVAQB7I" name="Script.Search_Product" tests="1" failures="0" timestamp="18 May 2020 08:50:19 GMT" time="216.523" errors="0">
  <testcase name="CustomSearchTest" time="216.523" classname="Script.Search_Product"/>
</testsuite> <!-- Script.Search_Product -->
