<?xml version="1.0" encoding="UTF-8"?>
<!-- Generated by org.testng.reporters.JUnitReportReporter -->
<testsuite skipped="0" hostname="DESKTOP-DVAQB7I" name="Script.Search_Product" tests="1" failures="0" timestamp="13 May 2020 12:07:46 GMT" time="172.985" errors="0">
  <testcase name="Isbn" time="172.985" classname="Script.Search_Product"/>
</testsuite> <!-- Script.Search_Product -->
