<?xml version="1.0" encoding="UTF-8"?>
<!-- Generated by org.testng.reporters.JUnitReportReporter -->
<testsuite skipped="0" hostname="DESKTOP-DVAQB7I" name="Script.SuccessPageTest" tests="1" failures="0" timestamp="19 May 2020 13:55:49 GMT" time="164.713" errors="0">
  <testcase name="myOrderValdation" time="164.713" classname="Script.SuccessPageTest"/>
</testsuite> <!-- Script.SuccessPageTest -->
