<?xml version="1.0" encoding="UTF-8"?>
<!-- Generated by org.testng.reporters.JUnitReportReporter -->
<testsuite skipped="0" hostname="DESKTOP-DVAQB7I" name="Script.CreateUser" tests="1" failures="0" timestamp="18 May 2020 08:50:19 GMT" time="50.771" errors="0">
  <testcase name="CreateUser" time="50.771" classname="Script.CreateUser"/>
</testsuite> <!-- Script.CreateUser -->
