<?xml version="1.0" encoding="UTF-8"?>
<!-- Generated by org.testng.reporters.JUnitReportReporter -->
<testsuite skipped="0" hostname="DESKTOP-DVAQB7I" name="Script.CheckFilter" tests="1" failures="0" timestamp="13 May 2020 08:50:26 GMT" time="73.508" errors="0">
  <testcase name="FilterCheck" time="73.508" classname="Script.CheckFilter"/>
</testsuite> <!-- Script.CheckFilter -->
