<?xml version="1.0" encoding="UTF-8"?>
<!-- Generated by org.testng.reporters.JUnitReportReporter -->
<testsuite skipped="0" hostname="COMPND-LTP-902" name="Script.Search_Product" tests="1" failures="0" timestamp="21 May 2020 14:19:10 GMT" time="70.677" errors="0">
  <testcase name="SearchTestBytitle" time="70.677" classname="Script.Search_Product"/>
</testsuite> <!-- Script.Search_Product -->
