<?xml version="1.0" encoding="UTF-8"?>
<!-- Generated by org.testng.reporters.JUnitReportReporter -->
<testsuite skipped="0" hostname="COMPND-LTP-237" name="Script.UserProductPurchase" tests="1" failures="0" timestamp="06 May 2020 11:07:21 GMT" time="66.872" errors="0">
  <testcase name="validUserProductPurchase" time="66.872" classname="Script.UserProductPurchase"/>
</testsuite> <!-- Script.UserProductPurchase -->
